<?xml version="1.0" encoding="UTF-8"?>
<!-- Generated by org.testng.reporters.JUnitReportReporter -->
<testsuite skipped="0" hostname="DESKTOP-T8HV04F" name="com.discovery.runner.MyTestngRunner" tests="1" failures="0" timestamp="09 Aug 2019 09:48:51 GMT" time="82.637" errors="0">
  <testcase name="runScenario" time="82.637" classname="com.discovery.runner.MyTestngRunner"/>
</testsuite> <!-- com.discovery.runner.MyTestngRunner -->
