<?xml version="1.0" encoding="UTF-8"?>
<!-- Generated by org.testng.reporters.JUnitReportReporter -->
<testsuite skipped="5" hostname="DESKTOP-T8HV04F" name="com.discovery.cucumber.runner.MyTestngRunner" tests="5" failures="0" timestamp="09 Aug 2019 01:51:17 GMT" time="0.327" errors="0">
  <testcase name="runScenario" time="0.027" classname="com.discovery.cucumber.runner.MyTestngRunner">
    <skipped/>
  </testcase> <!-- runScenario -->
  <testcase name="runScenario" time="0.193" classname="com.discovery.cucumber.runner.MyTestngRunner">
    <skipped/>
  </testcase> <!-- runScenario -->
  <testcase name="runScenario" time="0.028" classname="com.discovery.cucumber.runner.MyTestngRunner">
    <skipped/>
  </testcase> <!-- runScenario -->
  <testcase name="runScenario" time="0.066" classname="com.discovery.cucumber.runner.MyTestngRunner">
    <skipped/>
  </testcase> <!-- runScenario -->
  <testcase name="runScenario" time="0.013" classname="com.discovery.cucumber.runner.MyTestngRunner">
    <skipped/>
  </testcase> <!-- runScenario -->
</testsuite> <!-- com.discovery.cucumber.runner.MyTestngRunner -->
