<?xml version="1.0" encoding="UTF-8"?>
<!-- Generated by org.testng.reporters.JUnitReportReporter -->
<testsuite skipped="0" hostname="DESKTOP-NM05SVP" name="com.qtpselenium.cucumber.MyRunnerTest" tests="4" failures="0" timestamp="18 Aug 2018 04:44:11 GMT" time="0.991" errors="0">
  <testcase name="runScenario" time="0.030" classname="com.qtpselenium.cucumber.MyRunnerTest"/>
  <testcase name="runScenario" time="0.159" classname="com.qtpselenium.cucumber.MyRunnerTest"/>
  <testcase name="runScenario" time="0.789" classname="com.qtpselenium.cucumber.MyRunnerTest"/>
  <testcase name="runScenario" time="0.013" classname="com.qtpselenium.cucumber.MyRunnerTest"/>
</testsuite> <!-- com.qtpselenium.cucumber.MyRunnerTest -->
