<?xml version="1.0" encoding="UTF-8"?>
<!-- Generated by org.testng.reporters.JUnitReportReporter -->
<testsuite skipped="0" hostname="DESKTOP-NM05SVP" name="com.qtpselenium.cucumber.MyTestngRunnerTest" tests="4" failures="0" timestamp="18 Aug 2018 05:21:25 GMT" time="1.791" errors="0">
  <testcase name="runScenario" time="1.519" classname="com.qtpselenium.cucumber.MyTestngRunnerTest"/>
  <testcase name="runScenario" time="0.020" classname="com.qtpselenium.cucumber.MyTestngRunnerTest"/>
  <testcase name="runScenario" time="0.236" classname="com.qtpselenium.cucumber.MyTestngRunnerTest"/>
  <testcase name="runScenario" time="0.016" classname="com.qtpselenium.cucumber.MyTestngRunnerTest"/>
</testsuite> <!-- com.qtpselenium.cucumber.MyTestngRunnerTest -->
