<?xml version="1.0" encoding="UTF-8"?>
<!-- Generated by org.testng.reporters.JUnitReportReporter -->
<testsuite skipped="0" hostname="DESKTOP-NM05SVP" name="com.qtpselenium.cucumber.MyTestngRunner" tests="4" failures="0" timestamp="18 Aug 2018 05:36:54 GMT" time="1.180" errors="0">
  <testcase name="runScenario" time="0.975" classname="com.qtpselenium.cucumber.MyTestngRunner"/>
  <testcase name="runScenario" time="0.183" classname="com.qtpselenium.cucumber.MyTestngRunner"/>
  <testcase name="runScenario" time="0.012" classname="com.qtpselenium.cucumber.MyTestngRunner"/>
  <testcase name="runScenario" time="0.010" classname="com.qtpselenium.cucumber.MyTestngRunner"/>
</testsuite> <!-- com.qtpselenium.cucumber.MyTestngRunner -->
